#
# There is insufficient memory for the Java Runtime Environment to continue.
# Native memory allocation (malloc) failed to allocate 1738256 bytes. Error detail: Chunk::new
# Possible reasons:
#   The system is out of physical RAM or swap space
#   This process is running with CompressedOops enabled, and the Java Heap may be blocking the growth of the native heap
# Possible solutions:
#   Reduce memory load on the system
#   Increase physical memory or swap space
#   Check if swap backing store is full
#   Decrease Java heap size (-Xmx/-Xms)
#   Decrease number of Java threads
#   Decrease Java thread stack sizes (-Xss)
#   Set larger code cache with -XX:ReservedCodeCacheSize=
#   JVM is running with Unscaled Compressed Oops mode in which the Java heap is
#     placed in the first 4GB address space. The Java Heap base address is the
#     maximum limit for the native heap growth. Please use -XX:HeapBaseMinAddress
#     to set the Java Heap base and to place the Java Heap above 4GB virtual address.
# This output file may be truncated or incomplete.
#
#  Out of Memory Error (arena.cpp:168), pid=25744, tid=32940
#
# JRE version: OpenJDK Runtime Environment Temurin-21.0.6+7 (21.0.6+7) (build 21.0.6+7-LTS)
# Java VM: OpenJDK 64-Bit Server VM Temurin-21.0.6+7 (21.0.6+7-LTS, mixed mode, sharing, tiered, compressed oops, compressed class ptrs, parallel gc, windows-amd64)
# No core dump will be written. Minidumps are not enabled by default on client versions of Windows
#

---------------  S U M M A R Y ------------

Command Line: --add-modules=ALL-SYSTEM --add-opens=java.base/java.util=ALL-UNNAMED --add-opens=java.base/java.lang=ALL-UNNAMED --add-opens=java.base/sun.nio.fs=ALL-UNNAMED -Declipse.application=org.eclipse.jdt.ls.core.id1 -Dosgi.bundles.defaultStartLevel=4 -Declipse.product=org.eclipse.jdt.ls.core.product -Djava.import.generatesMetadataFilesAtProjectRoot=false -DDetectVMInstallationsJob.disabled=true -Dfile.encoding=utf8 -XX:+UseParallelGC -XX:GCTimeRatio=4 -XX:AdaptiveSizePolicyWeight=90 -Dsun.zip.disableMemoryMapping=true -Xmx1G -Xms100m -Xlog:disable -javaagent:c:\Users\asura\.vscode\extensions\redhat.java-1.40.0-win32-x64\lombok\lombok-1.18.36.jar -XX:+HeapDumpOnOutOfMemoryError -XX:HeapDumpPath=c:\Users\asura\AppData\Roaming\Code\User\workspaceStorage\8aa218b649d7e7f55904afd6d3bfc85a\redhat.java -Daether.dependencyCollector.impl=bf c:\Users\asura\.vscode\extensions\redhat.java-1.40.0-win32-x64\server\plugins\org.eclipse.equinox.launcher_1.6.1000.v20250131-0606.jar -configuration c:\Users\asura\AppData\Roaming\Code\User\globalStorage\redhat.java\1.40.0\config_win -data c:\Users\asura\AppData\Roaming\Code\User\workspaceStorage\8aa218b649d7e7f55904afd6d3bfc85a\redhat.java\jdt_ws --pipe=\\.\pipe\lsp-dc6a1642d477f8882a39c76af2e4aa5a-sock

Host: 11th Gen Intel(R) Core(TM) i7-11800H @ 2.30GHz, 16 cores, 39G,  Windows 11 , 64 bit Build 22621 (10.0.22621.4974)
Time: Sun Mar 16 23:18:42 2025 SE Asia Standard Time elapsed time: 762.045616 seconds (0d 0h 12m 42s)

---------------  T H R E A D  ---------------

Current thread (0x000002b911c0c3d0):  JavaThread "C2 CompilerThread1" daemon [_thread_in_native, id=32940, stack(0x000000c657b00000,0x000000c657c00000) (1024K)]


Current CompileTask:
C2:762045 21773       4       org.eclipse.jdt.internal.core.search.indexing.AbstractIndexer::addConstructorReference (58 bytes)

Stack: [0x000000c657b00000,0x000000c657c00000]
Native frames: (J=compiled Java code, j=interpreted, Vv=VM code, C=native code)
V  [jvm.dll+0x6cdee9]
V  [jvm.dll+0x8a83d1]
V  [jvm.dll+0x8aa8fe]
V  [jvm.dll+0x8aafe3]
V  [jvm.dll+0x27f706]
V  [jvm.dll+0xc500d]
V  [jvm.dll+0xc5543]
V  [jvm.dll+0x3b6752]
V  [jvm.dll+0x382935]
V  [jvm.dll+0x381d9a]
V  [jvm.dll+0x2479f0]
V  [jvm.dll+0x246fcf]
V  [jvm.dll+0x1c75ee]
V  [jvm.dll+0x25685a]
V  [jvm.dll+0x254dfa]
V  [jvm.dll+0x3f0256]
V  [jvm.dll+0x851f8b]
V  [jvm.dll+0x6cc5ed]
C  [ucrtbase.dll+0x29333]
C  [KERNEL32.DLL+0x1259d]
C  [ntdll.dll+0x5af38]


---------------  P R O C E S S  ---------------

Threads class SMR info:
_java_thread_list=0x000002b97839dc60, length=114, elements={
0x000002b9196b2040, 0x000002b92da9bfb0, 0x000002b92da9d7b0, 0x000002b9197596b0,
0x000002b91975a840, 0x000002b91975c5f0, 0x000002b919766660, 0x000002b91976ddb0,
0x000002b96ff67180, 0x000002b919767380, 0x000002b9197652b0, 0x000002b919763f00,
0x000002b919764590, 0x000002b919765940, 0x000002b919766cf0, 0x000002b919765fd0,
0x000002b9767ae4d0, 0x000002b9767b1950, 0x000002b9767aeb60, 0x000002b9767b05a0,
0x000002b9767af1f0, 0x000002b9767b3a20, 0x000002b9767af880, 0x000002b9767aff10,
0x000002b9767b0c30, 0x000002b9767b40b0, 0x000002b9767b1fe0, 0x000002b9767b2d00,
0x000002b9767b3390, 0x000002b978338c00, 0x000002b978336b30, 0x000002b978337850,
0x000002b97833c710, 0x000002b978339fb0, 0x000002b97833c080, 0x000002b978337ee0,
0x000002b97833b9f0, 0x000002b97833b360, 0x000002b978338570, 0x000002b978335780,
0x000002b97833a640, 0x000002b978339920, 0x000002b978339290, 0x000002b977364450,
0x000002b9118d7da0, 0x000002b9118de6a0, 0x000002b9118d7710, 0x000002b9118dab90,
0x000002b9118dd2f0, 0x000002b97af50180, 0x000002b97af50810, 0x000002b97af51530,
0x000002b97af52f70, 0x000002b97af4e0b0, 0x000002b97af54320, 0x000002b97af51bc0,
0x000002b97af556d0, 0x000002b97af4edd0, 0x000002b97af50ea0, 0x000002b97af4faf0,
0x000002b97af528e0, 0x000002b97af4f460, 0x000002b97af53600, 0x000002b97af549b0,
0x000002b979e1ce60, 0x000002b979e1db80, 0x000002b979e1e210, 0x000002b979e1fc50,
0x000002b979e1d4f0, 0x000002b979e1ad90, 0x000002b977364ae0, 0x000002b977368c80,
0x000002b977366bb0, 0x000002b977365170, 0x000002b9773699a0, 0x000002b977369310,
0x000002b9773678d0, 0x000002b97736a030, 0x000002b977367240, 0x000002b97736a6c0,
0x000002b977365e90, 0x000002b977363730, 0x000002b977365800, 0x000002b977366520,
0x000002b977363dc0, 0x000002b977367f60, 0x000002b9773685f0, 0x000002b9118dcc60,
0x000002b9118d8430, 0x000002b9118dc5d0, 0x000002b9118dd980, 0x000002b9118d7080,
0x000002b9118d8ac0, 0x000002b9781c91c0, 0x000002b9118d9150, 0x000002b9118db8b0,
0x000002b9118da500, 0x000002b9783371c0, 0x000002b970191f70, 0x000002b97833acd0,
0x000002b97833cda0, 0x000002b978335e10, 0x000002b9783364a0, 0x000002b9767b5af0,
0x000002b970192640, 0x000002b9767b12c0, 0x000002b9767b2670, 0x000002b9767b4dd0,
0x000002b9767b5460, 0x000002b979e21690, 0x000002b979e1a700, 0x000002b911c0c3d0,
0x000002b979e1c7d0, 0x000002b911c0df10
}

Java Threads: ( => current thread )
  0x000002b9196b2040 JavaThread "main"                              [_thread_blocked, id=27056, stack(0x000000c64fb00000,0x000000c64fc00000) (1024K)]
  0x000002b92da9bfb0 JavaThread "Reference Handler"          daemon [_thread_blocked, id=26160, stack(0x000000c64ff00000,0x000000c650000000) (1024K)]
  0x000002b92da9d7b0 JavaThread "Finalizer"                  daemon [_thread_blocked, id=14220, stack(0x000000c650000000,0x000000c650100000) (1024K)]
  0x000002b9197596b0 JavaThread "Signal Dispatcher"          daemon [_thread_blocked, id=35656, stack(0x000000c650100000,0x000000c650200000) (1024K)]
  0x000002b91975a840 JavaThread "Attach Listener"            daemon [_thread_blocked, id=35544, stack(0x000000c650200000,0x000000c650300000) (1024K)]
  0x000002b91975c5f0 JavaThread "Service Thread"             daemon [_thread_blocked, id=25704, stack(0x000000c650300000,0x000000c650400000) (1024K)]
  0x000002b919766660 JavaThread "Monitor Deflation Thread"   daemon [_thread_blocked, id=15792, stack(0x000000c650400000,0x000000c650500000) (1024K)]
  0x000002b91976ddb0 JavaThread "C2 CompilerThread0"         daemon [_thread_in_native, id=13612, stack(0x000000c650500000,0x000000c650600000) (1024K)]
  0x000002b96ff67180 JavaThread "C1 CompilerThread0"         daemon [_thread_blocked, id=36896, stack(0x000000c650600000,0x000000c650700000) (1024K)]
  0x000002b919767380 JavaThread "Common-Cleaner"             daemon [_thread_blocked, id=35104, stack(0x000000c650700000,0x000000c650800000) (1024K)]
  0x000002b9197652b0 JavaThread "Notification Thread"        daemon [_thread_blocked, id=22692, stack(0x000000c650c00000,0x000000c650d00000) (1024K)]
  0x000002b919763f00 JavaThread "Active Thread: Equinox Container: a19e45a3-9c4a-4543-9883-9e326c9e9763"        [_thread_blocked, id=18588, stack(0x000000c651400000,0x000000c651500000) (1024K)]
  0x000002b919764590 JavaThread "Refresh Thread: Equinox Container: a19e45a3-9c4a-4543-9883-9e326c9e9763" daemon [_thread_blocked, id=21420, stack(0x000000c650800000,0x000000c650900000) (1024K)]
  0x000002b919765940 JavaThread "Framework Event Dispatcher: Equinox Container: a19e45a3-9c4a-4543-9883-9e326c9e9763" daemon [_thread_blocked, id=34600, stack(0x000000c650a00000,0x000000c650b00000) (1024K)]
  0x000002b919766cf0 JavaThread "Start Level: Equinox Container: a19e45a3-9c4a-4543-9883-9e326c9e9763" daemon [_thread_blocked, id=22424, stack(0x000000c650d00000,0x000000c650e00000) (1024K)]
  0x000002b919765fd0 JavaThread "Bundle File Closer"         daemon [_thread_blocked, id=11256, stack(0x000000c651500000,0x000000c651600000) (1024K)]
  0x000002b9767ae4d0 JavaThread "SCR Component Actor"        daemon [_thread_blocked, id=16336, stack(0x000000c651300000,0x000000c651400000) (1024K)]
  0x000002b9767b1950 JavaThread "Worker-JM"                         [_thread_blocked, id=31004, stack(0x000000c652100000,0x000000c652200000) (1024K)]
  0x000002b9767aeb60 JavaThread "JNA Cleaner"                daemon [_thread_blocked, id=20632, stack(0x000000c652200000,0x000000c652300000) (1024K)]
  0x000002b9767b05a0 JavaThread "Java indexing"              daemon [_thread_blocked, id=25204, stack(0x000000c652500000,0x000000c652600000) (1024K)]
  0x000002b9767af1f0 JavaThread "Thread-2"                   daemon [_thread_in_native, id=34936, stack(0x000000c652a00000,0x000000c652b00000) (1024K)]
  0x000002b9767b3a20 JavaThread "Thread-3"                   daemon [_thread_in_native, id=32096, stack(0x000000c652b00000,0x000000c652c00000) (1024K)]
  0x000002b9767af880 JavaThread "Thread-4"                   daemon [_thread_in_native, id=31932, stack(0x000000c652c00000,0x000000c652d00000) (1024K)]
  0x000002b9767aff10 JavaThread "Thread-5"                   daemon [_thread_in_native, id=20748, stack(0x000000c652d00000,0x000000c652e00000) (1024K)]
  0x000002b9767b0c30 JavaThread "Thread-6"                   daemon [_thread_in_native, id=32176, stack(0x000000c652e00000,0x000000c652f00000) (1024K)]
  0x000002b9767b40b0 JavaThread "Thread-7"                   daemon [_thread_in_native, id=35712, stack(0x000000c652f00000,0x000000c653000000) (1024K)]
  0x000002b9767b1fe0 JavaThread "Thread-8"                   daemon [_thread_in_native, id=9324, stack(0x000000c653000000,0x000000c653100000) (1024K)]
  0x000002b9767b2d00 JavaThread "Thread-9"                   daemon [_thread_in_native, id=19276, stack(0x000000c653100000,0x000000c653200000) (1024K)]
  0x000002b9767b3390 JavaThread "Thread-10"                  daemon [_thread_in_native, id=30852, stack(0x000000c653200000,0x000000c653300000) (1024K)]
  0x000002b978338c00 JavaThread "Thread-11"                  daemon [_thread_in_native, id=36548, stack(0x000000c653300000,0x000000c653400000) (1024K)]
  0x000002b978336b30 JavaThread "Thread-12"                  daemon [_thread_in_native, id=21444, stack(0x000000c653400000,0x000000c653500000) (1024K)]
  0x000002b978337850 JavaThread "Thread-13"                  daemon [_thread_in_native, id=33776, stack(0x000000c653500000,0x000000c653600000) (1024K)]
  0x000002b97833c710 JavaThread "Thread-14"                  daemon [_thread_in_native, id=26464, stack(0x000000c653600000,0x000000c653700000) (1024K)]
  0x000002b978339fb0 JavaThread "Thread-15"                  daemon [_thread_in_native, id=28084, stack(0x000000c653700000,0x000000c653800000) (1024K)]
  0x000002b97833c080 JavaThread "Thread-16"                  daemon [_thread_in_native, id=33880, stack(0x000000c653800000,0x000000c653900000) (1024K)]
  0x000002b978337ee0 JavaThread "Thread-17"                  daemon [_thread_in_native, id=13816, stack(0x000000c653900000,0x000000c653a00000) (1024K)]
  0x000002b97833b9f0 JavaThread "Thread-18"                  daemon [_thread_in_native, id=29856, stack(0x000000c653a00000,0x000000c653b00000) (1024K)]
  0x000002b97833b360 JavaThread "pool-2-thread-1"                   [_thread_blocked, id=34696, stack(0x000000c653d00000,0x000000c653e00000) (1024K)]
  0x000002b978338570 JavaThread "WorkspaceEventsHandler"            [_thread_blocked, id=36328, stack(0x000000c654300000,0x000000c654400000) (1024K)]
  0x000002b978335780 JavaThread "pool-1-thread-1"                   [_thread_blocked, id=31568, stack(0x000000c654400000,0x000000c654500000) (1024K)]
  0x000002b97833a640 JavaThread "LocalFile Deleter"          daemon [_thread_blocked, id=23332, stack(0x000000c654700000,0x000000c654800000) (1024K)]
  0x000002b978339920 JavaThread "LocalFile Deleter"          daemon [_thread_blocked, id=32776, stack(0x000000c654800000,0x000000c654900000) (1024K)]
  0x000002b978339290 JavaThread "LocalFile Deleter"          daemon [_thread_blocked, id=24248, stack(0x000000c654900000,0x000000c654a00000) (1024K)]
  0x000002b977364450 JavaThread "LocalFile Deleter"          daemon [_thread_blocked, id=33136, stack(0x000000c654f00000,0x000000c655000000) (1024K)]
  0x000002b9118d7da0 JavaThread "ForkJoinPool.commonPool-worker-4" daemon [_thread_blocked, id=19256, stack(0x000000c651d00000,0x000000c651e00000) (1024K)]
  0x000002b9118de6a0 JavaThread "ForkJoinPool.commonPool-worker-5" daemon [_thread_blocked, id=30940, stack(0x000000c653b00000,0x000000c653c00000) (1024K)]
  0x000002b9118d7710 JavaThread "ForkJoinPool.commonPool-worker-6" daemon [_thread_blocked, id=17740, stack(0x000000c653c00000,0x000000c653d00000) (1024K)]
  0x000002b9118dab90 JavaThread "ForkJoinPool.commonPool-worker-9" daemon [_thread_blocked, id=19372, stack(0x000000c653f00000,0x000000c654000000) (1024K)]
  0x000002b9118dd2f0 JavaThread "ForkJoinPool.commonPool-worker-8" daemon [_thread_blocked, id=11312, stack(0x000000c656800000,0x000000c656900000) (1024K)]
  0x000002b97af50180 JavaThread "ForkJoinPool.commonPool-worker-13" daemon [_thread_blocked, id=31628, stack(0x000000c657400000,0x000000c657500000) (1024K)]
  0x000002b97af50810 JavaThread "Worker-7: Building"                [_thread_blocked, id=37200, stack(0x000000c64f900000,0x000000c64fa00000) (1024K)]
  0x000002b97af51530 JavaThread "Worker-10"                         [_thread_blocked, id=22216, stack(0x000000c64fa00000,0x000000c64fb00000) (1024K)]
  0x000002b97af52f70 JavaThread "Worker-11: Java indexing... "        [_thread_blocked, id=26340, stack(0x000000c651600000,0x000000c651700000) (1024K)]
  0x000002b97af4e0b0 JavaThread "Cleaner-0"                  daemon [_thread_blocked, id=12672, stack(0x000000c652400000,0x000000c652500000) (1024K)]
  0x000002b97af54320 JavaThread "Worker-12: Publish Diagnostics"        [_thread_blocked, id=37540, stack(0x000000c651900000,0x000000c651a00000) (1024K)]
  0x000002b97af51bc0 JavaThread "Worker-13: Processing JDT Change Events"        [_thread_blocked, id=33796, stack(0x000000c651a00000,0x000000c651b00000) (1024K)]
  0x000002b97af556d0 JavaThread "Compiler Source File Reader" daemon [_thread_blocked, id=37288, stack(0x000000c651b00000,0x000000c651c00000) (1024K)]
  0x000002b97af4edd0 JavaThread "Compiler Source File Reader" daemon [_thread_blocked, id=15068, stack(0x000000c652700000,0x000000c652800000) (1024K)]
  0x000002b97af50ea0 JavaThread "Worker-14"                         [_thread_blocked, id=37232, stack(0x000000c652600000,0x000000c652700000) (1024K)]
  0x000002b97af4faf0 JavaThread "Compiler Source File Reader" daemon [_thread_blocked, id=32504, stack(0x000000c652800000,0x000000c652900000) (1024K)]
  0x000002b97af528e0 JavaThread "Worker-15"                         [_thread_blocked, id=32916, stack(0x000000c653e00000,0x000000c653f00000) (1024K)]
  0x000002b97af4f460 JavaThread "ForkJoinPool.commonPool-worker-16" daemon [_thread_blocked, id=31784, stack(0x000000c652300000,0x000000c652400000) (1024K)]
  0x000002b97af53600 JavaThread "ForkJoinPool.commonPool-worker-18" daemon [_thread_blocked, id=33160, stack(0x000000c652900000,0x000000c652a00000) (1024K)]
  0x000002b97af549b0 JavaThread "ForkJoinPool.commonPool-worker-17" daemon [_thread_blocked, id=36084, stack(0x000000c654000000,0x000000c654100000) (1024K)]
  0x000002b979e1ce60 JavaThread "ForkJoinPool.commonPool-worker-19" daemon [_thread_blocked, id=3184, stack(0x000000c654100000,0x000000c654200000) (1024K)]
  0x000002b979e1db80 JavaThread "ForkJoinPool.commonPool-worker-21" daemon [_thread_blocked, id=28780, stack(0x000000c654200000,0x000000c654300000) (1024K)]
  0x000002b979e1e210 JavaThread "ForkJoinPool.commonPool-worker-20" daemon [_thread_blocked, id=8320, stack(0x000000c654500000,0x000000c654600000) (1024K)]
  0x000002b979e1fc50 JavaThread "ForkJoinPool.commonPool-worker-23" daemon [_thread_blocked, id=31528, stack(0x000000c654600000,0x000000c654700000) (1024K)]
  0x000002b979e1d4f0 JavaThread "ForkJoinPool.commonPool-worker-22" daemon [_thread_blocked, id=24464, stack(0x000000c654a00000,0x000000c654b00000) (1024K)]
  0x000002b979e1ad90 JavaThread "ForkJoinPool.commonPool-worker-24" daemon [_thread_blocked, id=30480, stack(0x000000c654b00000,0x000000c654c00000) (1024K)]
  0x000002b977364ae0 JavaThread "LocalFile Deleter"          daemon [_thread_blocked, id=32716, stack(0x000000c651c00000,0x000000c651d00000) (1024K)]
  0x000002b977368c80 JavaThread "LocalFile Deleter"          daemon [_thread_blocked, id=37244, stack(0x000000c654c00000,0x000000c654d00000) (1024K)]
  0x000002b977366bb0 JavaThread "LocalFile Deleter"          daemon [_thread_blocked, id=10860, stack(0x000000c654d00000,0x000000c654e00000) (1024K)]
  0x000002b977365170 JavaThread "LocalFile Deleter"          daemon [_thread_blocked, id=37076, stack(0x000000c654e00000,0x000000c654f00000) (1024K)]
  0x000002b9773699a0 JavaThread "LocalFile Deleter"          daemon [_thread_blocked, id=36416, stack(0x000000c655000000,0x000000c655100000) (1024K)]
  0x000002b977369310 JavaThread "LocalFile Deleter"          daemon [_thread_blocked, id=25008, stack(0x000000c655100000,0x000000c655200000) (1024K)]
  0x000002b9773678d0 JavaThread "LocalFile Deleter"          daemon [_thread_blocked, id=424, stack(0x000000c655200000,0x000000c655300000) (1024K)]
  0x000002b97736a030 JavaThread "LocalFile Deleter"          daemon [_thread_blocked, id=19284, stack(0x000000c655300000,0x000000c655400000) (1024K)]
  0x000002b977367240 JavaThread "LocalFile Deleter"          daemon [_thread_blocked, id=31924, stack(0x000000c655400000,0x000000c655500000) (1024K)]
  0x000002b97736a6c0 JavaThread "LocalFile Deleter"          daemon [_thread_blocked, id=34192, stack(0x000000c655500000,0x000000c655600000) (1024K)]
  0x000002b977365e90 JavaThread "LocalFile Deleter"          daemon [_thread_blocked, id=36428, stack(0x000000c655600000,0x000000c655700000) (1024K)]
  0x000002b977363730 JavaThread "LocalFile Deleter"          daemon [_thread_blocked, id=23648, stack(0x000000c655700000,0x000000c655800000) (1024K)]
  0x000002b977365800 JavaThread "Compiler Source File Reader" daemon [_thread_blocked, id=24124, stack(0x000000c655800000,0x000000c655900000) (1024K)]
  0x000002b977366520 JavaThread "Compiler Source File Reader" daemon [_thread_blocked, id=27424, stack(0x000000c655900000,0x000000c655a00000) (1024K)]
  0x000002b977363dc0 JavaThread "Compiler Source File Reader" daemon [_thread_blocked, id=29996, stack(0x000000c655a00000,0x000000c655b00000) (1024K)]
  0x000002b977367f60 JavaThread "Compiler Source File Reader" daemon [_thread_blocked, id=24988, stack(0x000000c655b00000,0x000000c655c00000) (1024K)]
  0x000002b9773685f0 JavaThread "Compiler Source File Reader" daemon [_thread_blocked, id=37456, stack(0x000000c655c00000,0x000000c655d00000) (1024K)]
  0x000002b9118dcc60 JavaThread "Compiler Source File Reader" daemon [_thread_blocked, id=31404, stack(0x000000c655d00000,0x000000c655e00000) (1024K)]
  0x000002b9118d8430 JavaThread "Compiler Source File Reader" daemon [_thread_blocked, id=29408, stack(0x000000c655e00000,0x000000c655f00000) (1024K)]
  0x000002b9118dc5d0 JavaThread "Compiler Source File Reader" daemon [_thread_blocked, id=19016, stack(0x000000c655f00000,0x000000c656000000) (1024K)]
  0x000002b9118dd980 JavaThread "Compiler Source File Reader" daemon [_thread_blocked, id=36568, stack(0x000000c656000000,0x000000c656100000) (1024K)]
  0x000002b9118d7080 JavaThread "Compiler Source File Reader" daemon [_thread_blocked, id=11160, stack(0x000000c656100000,0x000000c656200000) (1024K)]
  0x000002b9118d8ac0 JavaThread "Compiler Source File Reader" daemon [_thread_blocked, id=25324, stack(0x000000c656200000,0x000000c656300000) (1024K)]
  0x000002b9781c91c0 JavaThread "C1 CompilerThread1"         daemon [_thread_blocked, id=6364, stack(0x000000c656300000,0x000000c656400000) (1024K)]
  0x000002b9118d9150 JavaThread "Compiler Processing Task"   daemon [_thread_blocked, id=24952, stack(0x000000c656900000,0x000000c656a00000) (1024K)]
  0x000002b9118db8b0 JavaThread "Compiler Class File Writer" daemon [_thread_blocked, id=26912, stack(0x000000c656a00000,0x000000c656b00000) (1024K)]
  0x000002b9118da500 JavaThread "Compiler Class File Writer" daemon [_thread_blocked, id=7500, stack(0x000000c656b00000,0x000000c656c00000) (1024K)]
  0x000002b9783371c0 JavaThread "Compiler Class File Writer" daemon [_thread_blocked, id=35688, stack(0x000000c656c00000,0x000000c656d00000) (1024K)]
  0x000002b970191f70 JavaThread "C1 CompilerThread2"         daemon [_thread_blocked, id=26828, stack(0x000000c656d00000,0x000000c656e00000) (1024K)]
  0x000002b97833acd0 JavaThread "Compiler Class File Writer" daemon [_thread_blocked, id=25940, stack(0x000000c656e00000,0x000000c656f00000) (1024K)]
  0x000002b97833cda0 JavaThread "Compiler Class File Writer" daemon [_thread_blocked, id=10640, stack(0x000000c656f00000,0x000000c657000000) (1024K)]
  0x000002b978335e10 JavaThread "Compiler Class File Writer" daemon [_thread_blocked, id=13048, stack(0x000000c657000000,0x000000c657100000) (1024K)]
  0x000002b9783364a0 JavaThread "Compiler Class File Writer" daemon [_thread_blocked, id=24836, stack(0x000000c657100000,0x000000c657200000) (1024K)]
  0x000002b9767b5af0 JavaThread "Compiler Class File Writer" daemon [_thread_blocked, id=21148, stack(0x000000c657200000,0x000000c657300000) (1024K)]
  0x000002b970192640 JavaThread "C1 CompilerThread3"         daemon [_thread_blocked, id=33496, stack(0x000000c657300000,0x000000c657400000) (1024K)]
  0x000002b9767b12c0 JavaThread "Compiler Class File Writer" daemon [_thread_blocked, id=3744, stack(0x000000c657500000,0x000000c657600000) (1024K)]
  0x000002b9767b2670 JavaThread "Compiler Class File Writer" daemon [_thread_blocked, id=35052, stack(0x000000c657600000,0x000000c657700000) (1024K)]
  0x000002b9767b4dd0 JavaThread "Compiler Class File Writer" daemon [_thread_blocked, id=3952, stack(0x000000c657700000,0x000000c657800000) (1024K)]
  0x000002b9767b5460 JavaThread "Compiler Class File Writer" daemon [_thread_blocked, id=31412, stack(0x000000c657800000,0x000000c657900000) (1024K)]
  0x000002b979e21690 JavaThread "Compiler Class File Writer" daemon [_thread_blocked, id=35272, stack(0x000000c657900000,0x000000c657a00000) (1024K)]
  0x000002b979e1a700 JavaThread "Compiler Class File Writer" daemon [_thread_blocked, id=32732, stack(0x000000c657a00000,0x000000c657b00000) (1024K)]
=>0x000002b911c0c3d0 JavaThread "C2 CompilerThread1"         daemon [_thread_in_native, id=32940, stack(0x000000c657b00000,0x000000c657c00000) (1024K)]
  0x000002b979e1c7d0 JavaThread "Worker-16"                         [_thread_blocked, id=29388, stack(0x000000c64f800000,0x000000c64f900000) (1024K)]
  0x000002b911c0df10 JavaThread "C2 CompilerThread2"         daemon [_thread_blocked, id=24288, stack(0x000000c656400000,0x000000c656500000) (1024K)]
Total: 114

Other Threads:
  0x000002b92da82640 VMThread "VM Thread"                           [id=13244, stack(0x000000c64fe00000,0x000000c64ff00000) (1024K)]
  0x000002b91971c7e0 WatcherThread "VM Periodic Task Thread"        [id=34516, stack(0x000000c64fd00000,0x000000c64fe00000) (1024K)]
  0x000002b9196cfec0 WorkerThread "GC Thread#0"                     [id=19732, stack(0x000000c64fc00000,0x000000c64fd00000) (1024K)]
  0x000002b97668e1a0 WorkerThread "GC Thread#1"                     [id=21092, stack(0x000000c650e00000,0x000000c650f00000) (1024K)]
  0x000002b97696c530 WorkerThread "GC Thread#2"                     [id=37656, stack(0x000000c650f00000,0x000000c651000000) (1024K)]
  0x000002b976796a60 WorkerThread "GC Thread#3"                     [id=29072, stack(0x000000c651000000,0x000000c651100000) (1024K)]
  0x000002b976797210 WorkerThread "GC Thread#4"                     [id=30492, stack(0x000000c651100000,0x000000c651200000) (1024K)]
  0x000002b9767975b0 WorkerThread "GC Thread#5"                     [id=36580, stack(0x000000c651200000,0x000000c651300000) (1024K)]
  0x000002b97695fc80 WorkerThread "GC Thread#6"                     [id=3120, stack(0x000000c650900000,0x000000c650a00000) (1024K)]
  0x000002b976960020 WorkerThread "GC Thread#7"                     [id=16424, stack(0x000000c650b00000,0x000000c650c00000) (1024K)]
  0x000002b96ffe0590 WorkerThread "GC Thread#8"                     [id=29468, stack(0x000000c651700000,0x000000c651800000) (1024K)]
  0x000002b96ffe0cd0 WorkerThread "GC Thread#9"                     [id=3608, stack(0x000000c651800000,0x000000c651900000) (1024K)]
  0x000002b96ffe1070 WorkerThread "GC Thread#10"                    [id=28624, stack(0x000000c651e00000,0x000000c651f00000) (1024K)]
  0x000002b96ffe1410 WorkerThread "GC Thread#11"                    [id=9288, stack(0x000000c651f00000,0x000000c652000000) (1024K)]
  0x000002b96ffe17b0 WorkerThread "GC Thread#12"                    [id=35516, stack(0x000000c652000000,0x000000c652100000) (1024K)]
Total: 15

Threads with active compile tasks:
C2 CompilerThread0  762083 21779   !   4       org.eclipse.jdt.internal.compiler.classfmt.ClassFileReader::<init> (2135 bytes)
C2 CompilerThread1  762083 21773       4       org.eclipse.jdt.internal.core.search.indexing.AbstractIndexer::addConstructorReference (58 bytes)
C2 CompilerThread2  762083 21786       4       org.eclipse.jdt.internal.core.search.indexing.AbstractIndexer::addMethodDeclaration (105 bytes)
Total: 3

VM state: at safepoint (normal execution)

VM Mutex/Monitor currently owned by a thread:  ([mutex/lock_event])
[0x00007ffb21cce380] Threads_lock - owner thread: 0x000002b92da82640
[0x00007ffb21cce480] Heap_lock - owner thread: 0x000002b9767b05a0

Heap address: 0x00000000c0000000, size: 1024 MB, Compressed Oops mode: 32-bit

CDS archive(s) mapped at: [0x000002b92e000000-0x000002b92eba0000-0x000002b92eba0000), size 12189696, SharedBaseAddress: 0x000002b92e000000, ArchiveRelocationMode: 1.
Compressed class space mapped at: 0x000002b92f000000-0x000002b96f000000, reserved size: 1073741824
Narrow klass base: 0x000002b92e000000, Narrow klass shift: 0, Narrow klass range: 0x100000000

GC Precious Log:
 CardTable entry size: 512
 CPUs: 16 total, 16 available
 Memory: 40661M
 Large Page Support: Disabled
 NUMA Support: Disabled
 Compressed Oops: Enabled (32-bit)
 Alignments: Space 512K, Generation 512K, Heap 2M
 Heap Min Capacity: 100M
 Heap Initial Capacity: 100M
 Heap Max Capacity: 1G
 Pre-touch: Disabled
 Parallel Workers: 13

Heap:
 PSYoungGen      total 8704K, used 8384K [0x00000000eab00000, 0x00000000eb480000, 0x0000000100000000)
  eden space 7680K, 100% used [0x00000000eab00000,0x00000000eb280000,0x00000000eb280000)
  from space 1024K, 68% used [0x00000000eb280000,0x00000000eb330000,0x00000000eb380000)
  to   space 1024K, 82% used [0x00000000eb380000,0x00000000eb452600,0x00000000eb480000)
 ParOldGen       total 412672K, used 412250K [0x00000000c0000000, 0x00000000d9300000, 0x00000000eab00000)
  object space 412672K, 99% used [0x00000000c0000000,0x00000000d9296a90,0x00000000d9300000)
 Metaspace       used 80602K, committed 82432K, reserved 1179648K
  class space    used 7884K, committed 8704K, reserved 1048576K

Card table byte_map: [0x000002b919050000,0x000002b919260000] _byte_map_base: 0x000002b918a50000

Marking Bits: (ParMarkBitMap*) 0x00007ffb21cd3260
 Begin Bits: [0x000002b92b8a0000, 0x000002b92c8a0000)
 End Bits:   [0x000002b92c8a0000, 0x000002b92d8a0000)

Polling page: 0x000002b917500000

Metaspace:

Usage:
  Non-class:     71.01 MB used.
      Class:      7.70 MB used.
       Both:     78.71 MB used.

Virtual space:
  Non-class space:      128.00 MB reserved,      72.00 MB ( 56%) committed,  2 nodes.
      Class space:        1.00 GB reserved,       8.50 MB ( <1%) committed,  1 nodes.
             Both:        1.12 GB reserved,      80.50 MB (  7%) committed. 

Chunk freelists:
   Non-Class:  7.94 MB
       Class:  7.33 MB
        Both:  15.27 MB

MaxMetaspaceSize: unlimited
CompressedClassSpaceSize: 1.00 GB
Initial GC threshold: 21.00 MB
Current GC threshold: 131.56 MB
CDS: on
 - commit_granule_bytes: 65536.
 - commit_granule_words: 8192.
 - virtual_space_node_default_size: 8388608.
 - enlarge_chunks_in_place: 1.
 - use_allocation_guard: 0.


Internal statistics:

num_allocs_failed_limit: 9.
num_arena_births: 1688.
num_arena_deaths: 24.
num_vsnodes_births: 3.
num_vsnodes_deaths: 0.
num_space_committed: 1301.
num_space_uncommitted: 10.
num_chunks_returned_to_freelist: 113.
num_chunks_taken_from_freelist: 5816.
num_chunk_merges: 37.
num_chunk_splits: 3519.
num_chunks_enlarged: 1943.
num_inconsistent_stats: 0.

CodeHeap 'non-profiled nmethods': size=119168Kb used=20105Kb max_used=20105Kb free=99062Kb
 bounds [0x000002b924440000, 0x000002b9257f0000, 0x000002b92b8a0000]
CodeHeap 'profiled nmethods': size=119104Kb used=39719Kb max_used=39719Kb free=79384Kb
 bounds [0x000002b91c8a0000, 0x000002b91ef70000, 0x000002b923cf0000]
CodeHeap 'non-nmethods': size=7488Kb used=3185Kb max_used=3264Kb free=4302Kb
 bounds [0x000002b923cf0000, 0x000002b924040000, 0x000002b924440000]
 total_blobs=17781 nmethods=16970 adapters=712
 compilation: enabled
              stopped_count=0, restarted_count=0
 full_count=0

Compilation events (20 events):
Event: 761.761 Thread 0x000002b911c0df10 21774       4       org.eclipse.jdt.internal.core.util.SimpleWordSet::rehash (72 bytes)
Event: 761.762 Thread 0x000002b970191f70 nmethod 21776 0x000002b91ef3f910 code [0x000002b91ef3fd00, 0x000002b91ef41998]
Event: 761.763 Thread 0x000002b96ff67180 nmethod 21777 0x000002b91ef42610 code [0x000002b91ef429c0, 0x000002b91ef44720]
Event: 761.766 Thread 0x000002b91976ddb0 nmethod 21771 0x000002b9257d9b90 code [0x000002b9257d9ec0, 0x000002b9257db710]
Event: 761.766 Thread 0x000002b96ff67180 21778       3       org.eclipse.jdt.internal.core.index.MemoryIndex::remove (32 bytes)
Event: 761.766 Thread 0x000002b96ff67180 nmethod 21778 0x000002b91ef45510 code [0x000002b91ef456e0, 0x000002b91ef45900]
Event: 761.769 Thread 0x000002b91976ddb0 21779   !   4       org.eclipse.jdt.internal.compiler.classfmt.ClassFileReader::<init> (2135 bytes)
Event: 761.769 Thread 0x000002b911c0df10 nmethod 21774 0x000002b9257dc010 code [0x000002b9257dc240, 0x000002b9257dcb88]
Event: 761.776 Thread 0x000002b970192640 21780   !   3       org.eclipse.jdt.internal.core.index.DiskIndex::mergeWith (623 bytes)
Event: 761.780 Thread 0x000002b970192640 nmethod 21780 0x000002b91ef45a10 code [0x000002b91ef46280, 0x000002b91ef4a6c0]
Event: 761.836 Thread 0x000002b9781c91c0 21781   !   3       org.eclipse.jdt.internal.core.search.indexing.AddJarFileToIndex::execute (1557 bytes)
Event: 761.851 Thread 0x000002b911c0df10 21782       4       org.eclipse.jdt.internal.core.search.matching.ConstructorPattern::createIndexKey (33 bytes)
Event: 761.858 Thread 0x000002b9781c91c0 nmethod 21781 0x000002b91ef4cd10 code [0x000002b91ef4e920, 0x000002b91ef5fb20]
Event: 761.878 Thread 0x000002b911c0df10 nmethod 21782 0x000002b9257dcf10 code [0x000002b9257dd140, 0x000002b9257ddff8]
Event: 761.878 Thread 0x000002b911c0df10 21783       4       org.eclipse.jdt.internal.core.JarPackageFragmentRoot::createChildren (97 bytes)
Event: 761.945 Thread 0x000002b911c0df10 nmethod 21783 0x000002b9257de790 code [0x000002b9257deb20, 0x000002b9257e0848]
Event: 761.957 Thread 0x000002b96ff67180 21784       3       org.eclipse.jdt.internal.core.JavaProject::computePackageFragmentRoots (683 bytes)
Event: 761.960 Thread 0x000002b911c0df10 21785       4       org.eclipse.jdt.internal.core.PackageFragmentRoot::resource (17 bytes)
Event: 761.964 Thread 0x000002b96ff67180 nmethod 21784 0x000002b91ef67510 code [0x000002b91ef67de0, 0x000002b91ef6d2c0]
Event: 761.964 Thread 0x000002b911c0df10 nmethod 21785 0x000002b9257e2110 code [0x000002b9257e22c0, 0x000002b9257e24b8]

GC Heap History (20 events):
Event: 761.913 GC heap before
{Heap before GC invocations=2776 (full 6):
 PSYoungGen      total 8704K, used 8593K [0x00000000eab00000, 0x00000000eb580000, 0x0000000100000000)
  eden space 7680K, 99% used [0x00000000eab00000,0x00000000eb271e50,0x00000000eb280000)
  from space 1024K, 94% used [0x00000000eb480000,0x00000000eb572800,0x00000000eb580000)
  to   space 1024K, 0% used [0x00000000eb380000,0x00000000eb380000,0x00000000eb480000)
 ParOldGen       total 409088K, used 408854K [0x00000000c0000000, 0x00000000d8f80000, 0x00000000eab00000)
  object space 409088K, 99% used [0x00000000c0000000,0x00000000d8f45858,0x00000000d8f80000)
 Metaspace       used 80602K, committed 82432K, reserved 1179648K
  class space    used 7884K, committed 8704K, reserved 1048576K
}
Event: 761.914 GC heap after
{Heap after GC invocations=2776 (full 6):
 PSYoungGen      total 8192K, used 256K [0x00000000eab00000, 0x00000000eb500000, 0x0000000100000000)
  eden space 7680K, 0% used [0x00000000eab00000,0x00000000eab00000,0x00000000eb280000)
  from space 512K, 50% used [0x00000000eb380000,0x00000000eb3c0000,0x00000000eb400000)
  to   space 1024K, 0% used [0x00000000eb400000,0x00000000eb400000,0x00000000eb500000)
 ParOldGen       total 409088K, used 408990K [0x00000000c0000000, 0x00000000d8f80000, 0x00000000eab00000)
  object space 409088K, 99% used [0x00000000c0000000,0x00000000d8f67858,0x00000000d8f80000)
 Metaspace       used 80602K, committed 82432K, reserved 1179648K
  class space    used 7884K, committed 8704K, reserved 1048576K
}
Event: 761.941 GC heap before
{Heap before GC invocations=2777 (full 6):
 PSYoungGen      total 8192K, used 7936K [0x00000000eab00000, 0x00000000eb500000, 0x0000000100000000)
  eden space 7680K, 100% used [0x00000000eab00000,0x00000000eb280000,0x00000000eb280000)
  from space 512K, 50% used [0x00000000eb380000,0x00000000eb3c0000,0x00000000eb400000)
  to   space 1024K, 0% used [0x00000000eb400000,0x00000000eb400000,0x00000000eb500000)
 ParOldGen       total 409088K, used 408990K [0x00000000c0000000, 0x00000000d8f80000, 0x00000000eab00000)
  object space 409088K, 99% used [0x00000000c0000000,0x00000000d8f67858,0x00000000d8f80000)
 Metaspace       used 80602K, committed 82432K, reserved 1179648K
  class space    used 7884K, committed 8704K, reserved 1048576K
}
Event: 761.942 GC heap after
{Heap after GC invocations=2777 (full 6):
 PSYoungGen      total 8192K, used 352K [0x00000000eab00000, 0x00000000eb480000, 0x0000000100000000)
  eden space 7680K, 0% used [0x00000000eab00000,0x00000000eab00000,0x00000000eb280000)
  from space 512K, 68% used [0x00000000eb400000,0x00000000eb458000,0x00000000eb480000)
  to   space 512K, 0% used [0x00000000eb380000,0x00000000eb380000,0x00000000eb400000)
 ParOldGen       total 409088K, used 409054K [0x00000000c0000000, 0x00000000d8f80000, 0x00000000eab00000)
  object space 409088K, 99% used [0x00000000c0000000,0x00000000d8f77858,0x00000000d8f80000)
 Metaspace       used 80602K, committed 82432K, reserved 1179648K
  class space    used 7884K, committed 8704K, reserved 1048576K
}
Event: 761.957 GC heap before
{Heap before GC invocations=2778 (full 6):
 PSYoungGen      total 8192K, used 8032K [0x00000000eab00000, 0x00000000eb480000, 0x0000000100000000)
  eden space 7680K, 100% used [0x00000000eab00000,0x00000000eb280000,0x00000000eb280000)
  from space 512K, 68% used [0x00000000eb400000,0x00000000eb458000,0x00000000eb480000)
  to   space 512K, 0% used [0x00000000eb380000,0x00000000eb380000,0x00000000eb400000)
 ParOldGen       total 409088K, used 409054K [0x00000000c0000000, 0x00000000d8f80000, 0x00000000eab00000)
  object space 409088K, 99% used [0x00000000c0000000,0x00000000d8f77858,0x00000000d8f80000)
 Metaspace       used 80602K, committed 82432K, reserved 1179648K
  class space    used 7884K, committed 8704K, reserved 1048576K
}
Event: 761.958 GC heap after
{Heap after GC invocations=2778 (full 6):
 PSYoungGen      total 8192K, used 495K [0x00000000eab00000, 0x00000000eb480000, 0x0000000100000000)
  eden space 7680K, 0% used [0x00000000eab00000,0x00000000eab00000,0x00000000eb280000)
  from space 512K, 96% used [0x00000000eb380000,0x00000000eb3fbdd0,0x00000000eb400000)
  to   space 512K, 0% used [0x00000000eb400000,0x00000000eb400000,0x00000000eb480000)
 ParOldGen       total 409600K, used 409143K [0x00000000c0000000, 0x00000000d9000000, 0x00000000eab00000)
  object space 409600K, 99% used [0x00000000c0000000,0x00000000d8f8dc88,0x00000000d9000000)
 Metaspace       used 80602K, committed 82432K, reserved 1179648K
  class space    used 7884K, committed 8704K, reserved 1048576K
}
Event: 761.967 GC heap before
{Heap before GC invocations=2779 (full 6):
 PSYoungGen      total 8192K, used 8175K [0x00000000eab00000, 0x00000000eb480000, 0x0000000100000000)
  eden space 7680K, 100% used [0x00000000eab00000,0x00000000eb280000,0x00000000eb280000)
  from space 512K, 96% used [0x00000000eb380000,0x00000000eb3fbdd0,0x00000000eb400000)
  to   space 512K, 0% used [0x00000000eb400000,0x00000000eb400000,0x00000000eb480000)
 ParOldGen       total 409600K, used 409143K [0x00000000c0000000, 0x00000000d9000000, 0x00000000eab00000)
  object space 409600K, 99% used [0x00000000c0000000,0x00000000d8f8dc88,0x00000000d9000000)
 Metaspace       used 80602K, committed 82432K, reserved 1179648K
  class space    used 7884K, committed 8704K, reserved 1048576K
}
Event: 761.968 GC heap after
{Heap after GC invocations=2779 (full 6):
 PSYoungGen      total 8192K, used 459K [0x00000000eab00000, 0x00000000eb480000, 0x0000000100000000)
  eden space 7680K, 0% used [0x00000000eab00000,0x00000000eab00000,0x00000000eb280000)
  from space 512K, 89% used [0x00000000eb400000,0x00000000eb472ef0,0x00000000eb480000)
  to   space 512K, 0% used [0x00000000eb380000,0x00000000eb380000,0x00000000eb400000)
 ParOldGen       total 409600K, used 409335K [0x00000000c0000000, 0x00000000d9000000, 0x00000000eab00000)
  object space 409600K, 99% used [0x00000000c0000000,0x00000000d8fbdc88,0x00000000d9000000)
 Metaspace       used 80602K, committed 82432K, reserved 1179648K
  class space    used 7884K, committed 8704K, reserved 1048576K
}
Event: 761.987 GC heap before
{Heap before GC invocations=2780 (full 6):
 PSYoungGen      total 8192K, used 8139K [0x00000000eab00000, 0x00000000eb480000, 0x0000000100000000)
  eden space 7680K, 100% used [0x00000000eab00000,0x00000000eb280000,0x00000000eb280000)
  from space 512K, 89% used [0x00000000eb400000,0x00000000eb472ef0,0x00000000eb480000)
  to   space 512K, 0% used [0x00000000eb380000,0x00000000eb380000,0x00000000eb400000)
 ParOldGen       total 409600K, used 409335K [0x00000000c0000000, 0x00000000d9000000, 0x00000000eab00000)
  object space 409600K, 99% used [0x00000000c0000000,0x00000000d8fbdc88,0x00000000d9000000)
 Metaspace       used 80602K, committed 82432K, reserved 1179648K
  class space    used 7884K, committed 8704K, reserved 1048576K
}
Event: 761.991 GC heap after
{Heap after GC invocations=2780 (full 6):
 PSYoungGen      total 8192K, used 442K [0x00000000eab00000, 0x00000000eb480000, 0x0000000100000000)
  eden space 7680K, 0% used [0x00000000eab00000,0x00000000eab00000,0x00000000eb280000)
  from space 512K, 86% used [0x00000000eb380000,0x00000000eb3eeb70,0x00000000eb400000)
  to   space 512K, 0% used [0x00000000eb400000,0x00000000eb400000,0x00000000eb480000)
 ParOldGen       total 409600K, used 409542K [0x00000000c0000000, 0x00000000d9000000, 0x00000000eab00000)
  object space 409600K, 99% used [0x00000000c0000000,0x00000000d8ff18b8,0x00000000d9000000)
 Metaspace       used 80602K, committed 82432K, reserved 1179648K
  class space    used 7884K, committed 8704K, reserved 1048576K
}
Event: 762.002 GC heap before
{Heap before GC invocations=2781 (full 6):
 PSYoungGen      total 8192K, used 8122K [0x00000000eab00000, 0x00000000eb480000, 0x0000000100000000)
  eden space 7680K, 100% used [0x00000000eab00000,0x00000000eb280000,0x00000000eb280000)
  from space 512K, 86% used [0x00000000eb380000,0x00000000eb3eeb70,0x00000000eb400000)
  to   space 512K, 0% used [0x00000000eb400000,0x00000000eb400000,0x00000000eb480000)
 ParOldGen       total 409600K, used 409542K [0x00000000c0000000, 0x00000000d9000000, 0x00000000eab00000)
  object space 409600K, 99% used [0x00000000c0000000,0x00000000d8ff18b8,0x00000000d9000000)
 Metaspace       used 80602K, committed 82432K, reserved 1179648K
  class space    used 7884K, committed 8704K, reserved 1048576K
}
Event: 762.003 GC heap after
{Heap after GC invocations=2781 (full 6):
 PSYoungGen      total 8192K, used 511K [0x00000000eab00000, 0x00000000eb480000, 0x0000000100000000)
  eden space 7680K, 0% used [0x00000000eab00000,0x00000000eab00000,0x00000000eb280000)
  from space 512K, 99% used [0x00000000eb400000,0x00000000eb47ff88,0x00000000eb480000)
  to   space 1024K, 0% used [0x00000000eb280000,0x00000000eb280000,0x00000000eb380000)
 ParOldGen       total 410112K, used 409697K [0x00000000c0000000, 0x00000000d9080000, 0x00000000eab00000)
  object space 410112K, 99% used [0x00000000c0000000,0x00000000d9018418,0x00000000d9080000)
 Metaspace       used 80602K, committed 82432K, reserved 1179648K
  class space    used 7884K, committed 8704K, reserved 1048576K
}
Event: 762.012 GC heap before
{Heap before GC invocations=2782 (full 6):
 PSYoungGen      total 8192K, used 8191K [0x00000000eab00000, 0x00000000eb480000, 0x0000000100000000)
  eden space 7680K, 100% used [0x00000000eab00000,0x00000000eb280000,0x00000000eb280000)
  from space 512K, 99% used [0x00000000eb400000,0x00000000eb47ff88,0x00000000eb480000)
  to   space 1024K, 0% used [0x00000000eb280000,0x00000000eb280000,0x00000000eb380000)
 ParOldGen       total 410112K, used 409697K [0x00000000c0000000, 0x00000000d9080000, 0x00000000eab00000)
  object space 410112K, 99% used [0x00000000c0000000,0x00000000d9018418,0x00000000d9080000)
 Metaspace       used 80602K, committed 82432K, reserved 1179648K
  class space    used 7884K, committed 8704K, reserved 1048576K
}
Event: 762.014 GC heap after
{Heap after GC invocations=2782 (full 6):
 PSYoungGen      total 8704K, used 993K [0x00000000eab00000, 0x00000000eb580000, 0x0000000100000000)
  eden space 7680K, 0% used [0x00000000eab00000,0x00000000eab00000,0x00000000eb280000)
  from space 1024K, 97% used [0x00000000eb280000,0x00000000eb378588,0x00000000eb380000)
  to   space 1536K, 0% used [0x00000000eb400000,0x00000000eb400000,0x00000000eb580000)
 ParOldGen       total 410112K, used 409881K [0x00000000c0000000, 0x00000000d9080000, 0x00000000eab00000)
  object space 410112K, 99% used [0x00000000c0000000,0x00000000d9046758,0x00000000d9080000)
 Metaspace       used 80602K, committed 82432K, reserved 1179648K
  class space    used 7884K, committed 8704K, reserved 1048576K
}
Event: 762.020 GC heap before
{Heap before GC invocations=2783 (full 6):
 PSYoungGen      total 8704K, used 8673K [0x00000000eab00000, 0x00000000eb580000, 0x0000000100000000)
  eden space 7680K, 100% used [0x00000000eab00000,0x00000000eb280000,0x00000000eb280000)
  from space 1024K, 97% used [0x00000000eb280000,0x00000000eb378588,0x00000000eb380000)
  to   space 1536K, 0% used [0x00000000eb400000,0x00000000eb400000,0x00000000eb580000)
 ParOldGen       total 410112K, used 409881K [0x00000000c0000000, 0x00000000d9080000, 0x00000000eab00000)
  object space 410112K, 99% used [0x00000000c0000000,0x00000000d9046758,0x00000000d9080000)
 Metaspace       used 80602K, committed 82432K, reserved 1179648K
  class space    used 7884K, committed 8704K, reserved 1048576K
}
Event: 762.022 GC heap after
{Heap after GC invocations=2783 (full 6):
 PSYoungGen      total 8192K, used 507K [0x00000000eab00000, 0x00000000eb480000, 0x0000000100000000)
  eden space 7680K, 0% used [0x00000000eab00000,0x00000000eab00000,0x00000000eb280000)
  from space 512K, 99% used [0x00000000eb400000,0x00000000eb47ec08,0x00000000eb480000)
  to   space 1024K, 0% used [0x00000000eb280000,0x00000000eb280000,0x00000000eb380000)
 ParOldGen       total 410624K, used 410493K [0x00000000c0000000, 0x00000000d9100000, 0x00000000eab00000)
  object space 410624K, 99% used [0x00000000c0000000,0x00000000d90df7d0,0x00000000d9100000)
 Metaspace       used 80602K, committed 82432K, reserved 1179648K
  class space    used 7884K, committed 8704K, reserved 1048576K
}
Event: 762.029 GC heap before
{Heap before GC invocations=2784 (full 6):
 PSYoungGen      total 8192K, used 8187K [0x00000000eab00000, 0x00000000eb480000, 0x0000000100000000)
  eden space 7680K, 100% used [0x00000000eab00000,0x00000000eb280000,0x00000000eb280000)
  from space 512K, 99% used [0x00000000eb400000,0x00000000eb47ec08,0x00000000eb480000)
  to   space 1024K, 0% used [0x00000000eb280000,0x00000000eb280000,0x00000000eb380000)
 ParOldGen       total 410624K, used 410493K [0x00000000c0000000, 0x00000000d9100000, 0x00000000eab00000)
  object space 410624K, 99% used [0x00000000c0000000,0x00000000d90df7d0,0x00000000d9100000)
 Metaspace       used 80602K, committed 82432K, reserved 1179648K
  class space    used 7884K, committed 8704K, reserved 1048576K
}
Event: 762.031 GC heap after
{Heap after GC invocations=2784 (full 6):
 PSYoungGen      total 8704K, used 734K [0x00000000eab00000, 0x00000000eb480000, 0x0000000100000000)
  eden space 7680K, 0% used [0x00000000eab00000,0x00000000eab00000,0x00000000eb280000)
  from space 1024K, 71% used [0x00000000eb280000,0x00000000eb337958,0x00000000eb380000)
  to   space 1024K, 0% used [0x00000000eb380000,0x00000000eb380000,0x00000000eb480000)
 ParOldGen       total 411136K, used 410848K [0x00000000c0000000, 0x00000000d9180000, 0x00000000eab00000)
  object space 411136K, 99% used [0x00000000c0000000,0x00000000d91383d8,0x00000000d9180000)
 Metaspace       used 80602K, committed 82432K, reserved 1179648K
  class space    used 7884K, committed 8704K, reserved 1048576K
}
Event: 762.037 GC heap before
{Heap before GC invocations=2785 (full 6):
 PSYoungGen      total 8704K, used 8414K [0x00000000eab00000, 0x00000000eb480000, 0x0000000100000000)
  eden space 7680K, 100% used [0x00000000eab00000,0x00000000eb280000,0x00000000eb280000)
  from space 1024K, 71% used [0x00000000eb280000,0x00000000eb337958,0x00000000eb380000)
  to   space 1024K, 0% used [0x00000000eb380000,0x00000000eb380000,0x00000000eb480000)
 ParOldGen       total 411136K, used 410848K [0x00000000c0000000, 0x00000000d9180000, 0x00000000eab00000)
  object space 411136K, 99% used [0x00000000c0000000,0x00000000d91383d8,0x00000000d9180000)
 Metaspace       used 80602K, committed 82432K, reserved 1179648K
  class space    used 7884K, committed 8704K, reserved 1048576K
}
Event: 762.039 GC heap after
{Heap after GC invocations=2785 (full 6):
 PSYoungGen      total 8704K, used 580K [0x00000000eab00000, 0x00000000eb480000, 0x0000000100000000)
  eden space 7680K, 0% used [0x00000000eab00000,0x00000000eab00000,0x00000000eb280000)
  from space 1024K, 56% used [0x00000000eb380000,0x00000000eb411208,0x00000000eb480000)
  to   space 1024K, 0% used [0x00000000eb280000,0x00000000eb280000,0x00000000eb380000)
 ParOldGen       total 411648K, used 411483K [0x00000000c0000000, 0x00000000d9200000, 0x00000000eab00000)
  object space 411648K, 99% used [0x00000000c0000000,0x00000000d91d6e50,0x00000000d9200000)
 Metaspace       used 80602K, committed 82432K, reserved 1179648K
  class space    used 7884K, committed 8704K, reserved 1048576K
}

Dll operation events (10 events):
Event: 0.008 Loaded shared library c:\Users\asura\.vscode\extensions\redhat.java-1.40.0-win32-x64\jre\21.0.6-win32-x86_64\bin\java.dll
Event: 0.078 Loaded shared library c:\Users\asura\.vscode\extensions\redhat.java-1.40.0-win32-x64\jre\21.0.6-win32-x86_64\bin\zip.dll
Event: 0.100 Loaded shared library C:\Users\asura\.vscode\extensions\redhat.java-1.40.0-win32-x64\jre\21.0.6-win32-x86_64\bin\instrument.dll
Event: 0.105 Loaded shared library C:\Users\asura\.vscode\extensions\redhat.java-1.40.0-win32-x64\jre\21.0.6-win32-x86_64\bin\net.dll
Event: 0.107 Loaded shared library C:\Users\asura\.vscode\extensions\redhat.java-1.40.0-win32-x64\jre\21.0.6-win32-x86_64\bin\nio.dll
Event: 0.110 Loaded shared library C:\Users\asura\.vscode\extensions\redhat.java-1.40.0-win32-x64\jre\21.0.6-win32-x86_64\bin\zip.dll
Event: 0.129 Loaded shared library C:\Users\asura\.vscode\extensions\redhat.java-1.40.0-win32-x64\jre\21.0.6-win32-x86_64\bin\jimage.dll
Event: 0.195 Loaded shared library c:\Users\asura\.vscode\extensions\redhat.java-1.40.0-win32-x64\jre\21.0.6-win32-x86_64\bin\verify.dll
Event: 6.509 Loaded shared library C:\Users\asura\AppData\Roaming\Code\User\globalStorage\redhat.java\1.40.0\config_win\org.eclipse.equinox.launcher\org.eclipse.equinox.launcher.win32.win32.x86_64_1.2.1200.v20250212-0927\eclipse_11909.dll
Event: 11.866 Loaded shared library C:\Users\asura\AppData\Local\Temp\jna-93123570\jna6107118964400050563.dll

Deoptimization events (20 events):
Event: 761.802 Thread 0x000002b9767b05a0 DEOPT PACKING pc=0x000002b91edfd39a sp=0x000000c6525fefa0
Event: 761.803 Thread 0x000002b9767b05a0 DEOPT UNPACKING pc=0x000002b923d478e2 sp=0x000000c6525fe528 mode 0
Event: 761.814 Thread 0x000002b9767b05a0 DEOPT PACKING pc=0x000002b91edfd39a sp=0x000000c6525fefa0
Event: 761.814 Thread 0x000002b9767b05a0 DEOPT UNPACKING pc=0x000002b923d478e2 sp=0x000000c6525fe528 mode 0
Event: 761.828 Thread 0x000002b9767b05a0 DEOPT PACKING pc=0x000002b91edfd39a sp=0x000000c6525fefa0
Event: 761.828 Thread 0x000002b9767b05a0 DEOPT UNPACKING pc=0x000002b923d478e2 sp=0x000000c6525fe528 mode 0
Event: 761.839 Thread 0x000002b9767b05a0 DEOPT PACKING pc=0x000002b91edfd39a sp=0x000000c6525fefa0
Event: 761.840 Thread 0x000002b9767b05a0 DEOPT UNPACKING pc=0x000002b923d478e2 sp=0x000000c6525fe528 mode 0
Event: 761.854 Thread 0x000002b9767b05a0 DEOPT PACKING pc=0x000002b91edfd39a sp=0x000000c6525fefa0
Event: 761.854 Thread 0x000002b9767b05a0 DEOPT UNPACKING pc=0x000002b923d478e2 sp=0x000000c6525fe528 mode 0
Event: 761.865 Thread 0x000002b9767b05a0 DEOPT PACKING pc=0x000002b91edfd39a sp=0x000000c6525fefa0
Event: 761.865 Thread 0x000002b9767b05a0 DEOPT UNPACKING pc=0x000002b923d478e2 sp=0x000000c6525fe528 mode 0
Event: 761.885 Thread 0x000002b97af50810 DEOPT PACKING pc=0x000002b91edfd946 sp=0x000000c64f9fdd80
Event: 761.885 Thread 0x000002b97af50810 DEOPT UNPACKING pc=0x000002b923d478e2 sp=0x000000c64f9fd308 mode 0
Event: 761.955 Thread 0x000002b97af54320 Uncommon trap: trap_request=0xffffff45 fr.pc=0x000002b925473284 relative=0x0000000000001dc4
Event: 761.955 Thread 0x000002b97af54320 Uncommon trap: reason=unstable_if action=reinterpret pc=0x000002b925473284 method=org.eclipse.jdt.internal.core.JavaProject.computePackageFragmentRoots(Lorg/eclipse/jdt/core/IClasspathEntry;Lorg/eclipse/jdt/internal/compiler/util/ObjectVector;Ljava/util/H
Event: 761.955 Thread 0x000002b97af54320 DEOPT PACKING pc=0x000002b925473284 sp=0x000000c6519fe2d0
Event: 761.955 Thread 0x000002b97af54320 DEOPT UNPACKING pc=0x000002b923d46da2 sp=0x000000c6519fe238 mode 2
Event: 762.005 Thread 0x000002b9767b05a0 DEOPT PACKING pc=0x000002b91edfd39a sp=0x000000c6525fed20
Event: 762.005 Thread 0x000002b9767b05a0 DEOPT UNPACKING pc=0x000002b923d478e2 sp=0x000000c6525fe2a8 mode 0

Classes loaded (20 events):
Event: 664.928 Loading class java/util/concurrent/ConcurrentHashMap$TreeBin
Event: 664.928 Loading class java/util/concurrent/ConcurrentHashMap$TreeBin done
Event: 665.844 Loading class jdk/internal/module/IllegalAccessLogger
Event: 665.844 Loading class jdk/internal/module/IllegalAccessLogger done
Event: 670.550 Loading class jdk/internal/module/IllegalAccessLogger
Event: 670.550 Loading class jdk/internal/module/IllegalAccessLogger done
Event: 719.549 Loading class java/util/ArrayDeque$DeqSpliterator
Event: 719.549 Loading class java/util/ArrayDeque$DeqSpliterator done
Event: 755.121 Loading class java/lang/StackStreamFactory$CallerClassFinder
Event: 755.122 Loading class java/lang/StackStreamFactory$CallerClassFinder done
Event: 755.122 Loading class java/lang/StackStreamFactory$CallerClassFinder$ClassBuffer
Event: 755.140 Loading class java/lang/StackStreamFactory$CallerClassFinder$ClassBuffer done
Event: 759.680 Loading class java/lang/Throwable$WrappedPrintWriter
Event: 759.680 Loading class java/lang/Throwable$PrintStreamOrWriter
Event: 759.680 Loading class java/lang/Throwable$PrintStreamOrWriter done
Event: 759.680 Loading class java/lang/Throwable$WrappedPrintWriter done
Event: 759.999 Loading class jdk/internal/module/IllegalAccessLogger
Event: 759.999 Loading class jdk/internal/module/IllegalAccessLogger done
Event: 760.293 Loading class jdk/internal/module/IllegalAccessLogger
Event: 760.293 Loading class jdk/internal/module/IllegalAccessLogger done

Classes unloaded (20 events):
Event: 741.360 Thread 0x000002b92da82640 Unloading class 0x000002b92f6c36e8 'org/apache/maven/shared/filtering/MavenReaderFilterRequest'
Event: 741.360 Thread 0x000002b92da82640 Unloading class 0x000002b92f6c33e0 'org/apache/maven/shared/filtering/MavenFileFilterRequest'
Event: 741.360 Thread 0x000002b92da82640 Unloading class 0x000002b92f6c31f0 'org/codehaus/plexus/interpolation/Interpolator'
Event: 741.360 Thread 0x000002b92da82640 Unloading class 0x000002b92f6c3000 'org/codehaus/plexus/interpolation/BasicInterpolator'
Event: 741.360 Thread 0x000002b92da82640 Unloading class 0x000002b92f6c1da8 'org/codehaus/plexus/interpolation/ValueSource'
Event: 741.360 Thread 0x000002b92da82640 Unloading class 0x000002b92f6c19f0 'org/apache/maven/shared/filtering/MavenResourcesExecution'
Event: 741.360 Thread 0x000002b92da82640 Unloading class 0x000002b92f6c1728 'org/apache/maven/shared/filtering/AbstractMavenFilteringRequest'
Event: 741.360 Thread 0x000002b92da82640 Unloading class 0x000002b92f6c14d8 'org/apache/maven/shared/filtering/MavenFilteringException'
Event: 741.360 Thread 0x000002b92da82640 Unloading class 0x000002b92f6c1298 'org/apache/maven/shared/filtering/DefaultMavenResourcesFiltering'
Event: 741.360 Thread 0x000002b92da82640 Unloading class 0x000002b92f6c10a8 'org/apache/maven/shared/filtering/MavenResourcesFiltering'
Event: 741.360 Thread 0x000002b92da82640 Unloading class 0x000002b92f6c0e28 'org/apache/maven/shared/filtering/DefaultMavenReaderFilter'
Event: 741.360 Thread 0x000002b92da82640 Unloading class 0x000002b92f6c0c38 'org/apache/maven/shared/filtering/MavenReaderFilter'
Event: 741.360 Thread 0x000002b92da82640 Unloading class 0x000002b92f6c09a8 'org/apache/maven/shared/filtering/DefaultMavenFileFilter'
Event: 741.360 Thread 0x000002b92da82640 Unloading class 0x000002b92f6c0768 'org/apache/maven/shared/filtering/BaseFilter'
Event: 741.360 Thread 0x000002b92da82640 Unloading class 0x000002b92f6c0578 'org/apache/maven/shared/filtering/MavenFileFilter'
Event: 741.360 Thread 0x000002b92da82640 Unloading class 0x000002b92f6bbe00 'org/apache/maven/shared/filtering/DefaultFilterInfo'
Event: 741.360 Thread 0x000002b92da82640 Unloading class 0x000002b92f6c0278 'org/apache/maven/plugins/resources/TestResourcesMojo'
Event: 741.360 Thread 0x000002b92da82640 Unloading class 0x000002b92f6c0000 'org/apache/maven/plugins/maven_resources_plugin/HelpMojo'
Event: 741.360 Thread 0x000002b92da82640 Unloading class 0x000002b92f6bbb00 'org/apache/maven/plugins/resources/CopyResourcesMojo'
Event: 741.360 Thread 0x000002b92da82640 Unloading class 0x000002b92f6bb800 'org/apache/maven/plugins/resources/ResourcesMojo'

Classes redefined (0 events):
No events

Internal exceptions (20 events):
Event: 760.272 Thread 0x000002b977364450 Exception <a 'sun/nio/fs/WindowsException'{0x00000000eadffb60}> (0x00000000eadffb60) 
thrown [s\src\hotspot\share\prims\jni.cpp, line 520]
Event: 760.275 Thread 0x000002b977368c80 Exception <a 'sun/nio/fs/WindowsException'{0x00000000eab02568}> (0x00000000eab02568) 
thrown [s\src\hotspot\share\prims\jni.cpp, line 520]
Event: 760.275 Thread 0x000002b977366bb0 Exception <a 'sun/nio/fs/WindowsException'{0x00000000eab04df0}> (0x00000000eab04df0) 
thrown [s\src\hotspot\share\prims\jni.cpp, line 520]
Event: 760.315 Thread 0x000002b97af50810 Exception <a 'sun/nio/fs/WindowsException'{0x00000000eadd7090}> (0x00000000eadd7090) 
thrown [s\src\hotspot\share\prims\jni.cpp, line 520]
Event: 760.315 Thread 0x000002b97af50810 Exception <a 'sun/nio/fs/WindowsException'{0x00000000eadd76a8}> (0x00000000eadd76a8) 
thrown [s\src\hotspot\share\prims\jni.cpp, line 520]
Event: 761.342 Thread 0x000002b9767b05a0 Exception <a 'sun/nio/fs/WindowsException'{0x00000000eabb7e00}> (0x00000000eabb7e00) 
thrown [s\src\hotspot\share\prims\jni.cpp, line 520]
Event: 761.493 Thread 0x000002b97af50810 Exception <a 'sun/nio/fs/WindowsException'{0x00000000ead61160}> (0x00000000ead61160) 
thrown [s\src\hotspot\share\prims\jni.cpp, line 520]
Event: 761.493 Thread 0x000002b97af50810 Exception <a 'sun/nio/fs/WindowsException'{0x00000000ead61a28}> (0x00000000ead61a28) 
thrown [s\src\hotspot\share\prims\jni.cpp, line 520]
Event: 761.506 Thread 0x000002b97af50810 Exception <a 'sun/nio/fs/WindowsException'{0x00000000eaddad58}> (0x00000000eaddad58) 
thrown [s\src\hotspot\share\prims\jni.cpp, line 520]
Event: 761.506 Thread 0x000002b97af50810 Exception <a 'sun/nio/fs/WindowsException'{0x00000000eaddb8b0}> (0x00000000eaddb8b0) 
thrown [s\src\hotspot\share\prims\jni.cpp, line 520]
Event: 761.512 Thread 0x000002b97af50810 Exception <a 'sun/nio/fs/WindowsException'{0x00000000eae962b0}> (0x00000000eae962b0) 
thrown [s\src\hotspot\share\prims\jni.cpp, line 520]
Event: 761.512 Thread 0x000002b97af50810 Exception <a 'sun/nio/fs/WindowsException'{0x00000000eae96b78}> (0x00000000eae96b78) 
thrown [s\src\hotspot\share\prims\jni.cpp, line 520]
Event: 761.673 Thread 0x000002b97af50810 Exception <a 'sun/nio/fs/WindowsException'{0x00000000eaf29d68}> (0x00000000eaf29d68) 
thrown [s\src\hotspot\share\prims\jni.cpp, line 520]
Event: 761.673 Thread 0x000002b97af50810 Exception <a 'sun/nio/fs/WindowsException'{0x00000000eaf2a630}> (0x00000000eaf2a630) 
thrown [s\src\hotspot\share\prims\jni.cpp, line 520]
Event: 761.718 Thread 0x000002b9767b05a0 Exception <a 'sun/nio/fs/WindowsException'{0x00000000eacfbea8}> (0x00000000eacfbea8) 
thrown [s\src\hotspot\share\prims\jni.cpp, line 520]
Event: 761.725 Thread 0x000002b9767b05a0 Exception <a 'sun/nio/fs/WindowsException'{0x00000000eab79830}> (0x00000000eab79830) 
thrown [s\src\hotspot\share\prims\jni.cpp, line 520]
Event: 761.741 Thread 0x000002b9767b05a0 Exception <a 'sun/nio/fs/WindowsException'{0x00000000eab7fd38}> (0x00000000eab7fd38) 
thrown [s\src\hotspot\share\prims\jni.cpp, line 520]
Event: 761.798 Thread 0x000002b9767b05a0 Exception <a 'sun/nio/fs/WindowsException'{0x00000000eab00568}> (0x00000000eab00568) 
thrown [s\src\hotspot\share\prims\jni.cpp, line 520]
Event: 761.944 Thread 0x000002b9767b05a0 Exception <a 'sun/nio/fs/WindowsException'{0x00000000eab00788}> (0x00000000eab00788) 
thrown [s\src\hotspot\share\prims\jni.cpp, line 520]
Event: 761.976 Thread 0x000002b9767b05a0 Exception <a 'sun/nio/fs/WindowsException'{0x00000000eb0a29c8}> (0x00000000eb0a29c8) 
thrown [s\src\hotspot\share\prims\jni.cpp, line 520]

ZGC Phase Switch (0 events):
No events

VM Operations (20 events):
Event: 761.913 Executing VM operation: ParallelGCFailedAllocation (Allocation Failure)
Event: 761.914 Executing VM operation: ParallelGCFailedAllocation (Allocation Failure) done
Event: 761.941 Executing VM operation: ParallelGCFailedAllocation (Allocation Failure)
Event: 761.942 Executing VM operation: ParallelGCFailedAllocation (Allocation Failure) done
Event: 761.957 Executing VM operation: ParallelGCFailedAllocation (Allocation Failure)
Event: 761.958 Executing VM operation: ParallelGCFailedAllocation (Allocation Failure) done
Event: 761.967 Executing VM operation: ParallelGCFailedAllocation (Allocation Failure)
Event: 761.968 Executing VM operation: ParallelGCFailedAllocation (Allocation Failure) done
Event: 761.977 Executing VM operation: ParallelGCFailedAllocation (Allocation Failure)
Event: 761.991 Executing VM operation: ParallelGCFailedAllocation (Allocation Failure) done
Event: 762.002 Executing VM operation: ParallelGCFailedAllocation (Allocation Failure)
Event: 762.003 Executing VM operation: ParallelGCFailedAllocation (Allocation Failure) done
Event: 762.012 Executing VM operation: ParallelGCFailedAllocation (Allocation Failure)
Event: 762.014 Executing VM operation: ParallelGCFailedAllocation (Allocation Failure) done
Event: 762.020 Executing VM operation: ParallelGCFailedAllocation (Allocation Failure)
Event: 762.022 Executing VM operation: ParallelGCFailedAllocation (Allocation Failure) done
Event: 762.029 Executing VM operation: ParallelGCFailedAllocation (Allocation Failure)
Event: 762.031 Executing VM operation: ParallelGCFailedAllocation (Allocation Failure) done
Event: 762.037 Executing VM operation: ParallelGCFailedAllocation (Allocation Failure)
Event: 762.039 Executing VM operation: ParallelGCFailedAllocation (Allocation Failure) done

Memory protections (0 events):
No events

Nmethod flushes (20 events):
Event: 741.388 Thread 0x000002b92da82640 flushing  nmethod 0x000002b91ebe1b90
Event: 741.388 Thread 0x000002b92da82640 flushing  nmethod 0x000002b91ebe4c10
Event: 741.388 Thread 0x000002b92da82640 flushing  nmethod 0x000002b91ebe5f90
Event: 741.388 Thread 0x000002b92da82640 flushing  nmethod 0x000002b91ebe8390
Event: 741.388 Thread 0x000002b92da82640 flushing  nmethod 0x000002b91ebf8b10
Event: 741.388 Thread 0x000002b92da82640 flushing  nmethod 0x000002b91ec05390
Event: 741.388 Thread 0x000002b92da82640 flushing  nmethod 0x000002b91ec0ab90
Event: 741.388 Thread 0x000002b92da82640 flushing  nmethod 0x000002b91ec0ba10
Event: 741.388 Thread 0x000002b92da82640 flushing  nmethod 0x000002b91ec12b10
Event: 741.388 Thread 0x000002b92da82640 flushing  nmethod 0x000002b91ec16290
Event: 741.388 Thread 0x000002b92da82640 flushing  nmethod 0x000002b91ec16690
Event: 741.388 Thread 0x000002b92da82640 flushing  nmethod 0x000002b91ec18f10
Event: 741.388 Thread 0x000002b92da82640 flushing  nmethod 0x000002b91ec19f90
Event: 741.388 Thread 0x000002b92da82640 flushing  nmethod 0x000002b91ec1f190
Event: 741.388 Thread 0x000002b92da82640 flushing  nmethod 0x000002b91ec22c90
Event: 741.388 Thread 0x000002b92da82640 flushing  nmethod 0x000002b91ec23e90
Event: 741.388 Thread 0x000002b92da82640 flushing  nmethod 0x000002b91ec3d390
Event: 741.388 Thread 0x000002b92da82640 flushing  nmethod 0x000002b91ec56810
Event: 741.388 Thread 0x000002b92da82640 flushing  nmethod 0x000002b91ec57b90
Event: 741.388 Thread 0x000002b92da82640 flushing  nmethod 0x000002b91ec68790

Events (20 events):
Event: 760.687 Thread 0x000002b97af50810 Thread added: 0x000002b976494780
Event: 760.687 Thread 0x000002b97af50810 Thread added: 0x000002b976496850
Event: 760.703 Thread 0x000002b91976ddb0 Thread added: 0x000002b911c0c3d0
Event: 760.869 Thread 0x000002b976494780 Thread exited: 0x000002b976494780
Event: 760.869 Thread 0x000002b979e1c7d0 Thread exited: 0x000002b979e1c7d0
Event: 760.869 Thread 0x000002b97af4e740 Thread exited: 0x000002b97af4e740
Event: 760.869 Thread 0x000002b9764954a0 Thread exited: 0x000002b9764954a0
Event: 760.869 Thread 0x000002b976496850 Thread exited: 0x000002b976496850
Event: 761.220 Thread 0x000002b97af54320 Thread added: 0x000002b979e1c7d0
Event: 761.515 Thread 0x000002b9781c91c0 Thread added: 0x000002b911c0df10
Event: 761.528 Thread 0x000002b97af50810 Thread added: 0x000002b97af4e740
Event: 761.528 Thread 0x000002b97af50810 Thread added: 0x000002b97b96c7a0
Event: 761.529 Thread 0x000002b97af50810 Thread added: 0x000002b97b96ce30
Event: 761.530 Thread 0x000002b97af50810 Thread added: 0x000002b97b9702b0
Event: 761.530 Thread 0x000002b97af50810 Thread added: 0x000002b97b96b3f0
Event: 761.541 Thread 0x000002b97af4e740 Thread exited: 0x000002b97af4e740
Event: 761.541 Thread 0x000002b97b96b3f0 Thread exited: 0x000002b97b96b3f0
Event: 761.541 Thread 0x000002b97b96c7a0 Thread exited: 0x000002b97b96c7a0
Event: 761.541 Thread 0x000002b97b96ce30 Thread exited: 0x000002b97b96ce30
Event: 761.541 Thread 0x000002b97b9702b0 Thread exited: 0x000002b97b9702b0


Dynamic libraries:
0x00007ff7b0bc0000 - 0x00007ff7b0bce000 	c:\Users\asura\.vscode\extensions\redhat.java-1.40.0-win32-x64\jre\21.0.6-win32-x86_64\bin\java.exe
0x00007ffc05590000 - 0x00007ffc057a7000 	C:\WINDOWS\SYSTEM32\ntdll.dll
0x00007ffc046b0000 - 0x00007ffc04774000 	C:\WINDOWS\System32\KERNEL32.DLL
0x00007ffc02a00000 - 0x00007ffc02dd1000 	C:\WINDOWS\System32\KERNELBASE.dll
0x00007ffc027f0000 - 0x00007ffc02901000 	C:\WINDOWS\System32\ucrtbase.dll
0x00007ffbd9ef0000 - 0x00007ffbd9f08000 	c:\Users\asura\.vscode\extensions\redhat.java-1.40.0-win32-x64\jre\21.0.6-win32-x86_64\bin\jli.dll
0x00007ffbe12a0000 - 0x00007ffbe12be000 	c:\Users\asura\.vscode\extensions\redhat.java-1.40.0-win32-x64\jre\21.0.6-win32-x86_64\bin\VCRUNTIME140.dll
0x00007ffc05210000 - 0x00007ffc053c1000 	C:\WINDOWS\System32\USER32.dll
0x00007ffc030f0000 - 0x00007ffc03116000 	C:\WINDOWS\System32\win32u.dll
0x00007ffbdff20000 - 0x00007ffbe01b2000 	C:\WINDOWS\WinSxS\amd64_microsoft.windows.common-controls_6595b64144ccf1df_6.0.22621.4830_none_270fe7d773858e80\COMCTL32.dll
0x00007ffc03670000 - 0x00007ffc03699000 	C:\WINDOWS\System32\GDI32.dll
0x00007ffc04940000 - 0x00007ffc049e7000 	C:\WINDOWS\System32\msvcrt.dll
0x00007ffc026d0000 - 0x00007ffc027eb000 	C:\WINDOWS\System32\gdi32full.dll
0x00007ffc02de0000 - 0x00007ffc02e7a000 	C:\WINDOWS\System32\msvcp_win.dll
0x00007ffc03630000 - 0x00007ffc03661000 	C:\WINDOWS\System32\IMM32.DLL
0x00007ffbf5890000 - 0x00007ffbf589c000 	c:\Users\asura\.vscode\extensions\redhat.java-1.40.0-win32-x64\jre\21.0.6-win32-x86_64\bin\vcruntime140_1.dll
0x00007ffb663f0000 - 0x00007ffb6647d000 	c:\Users\asura\.vscode\extensions\redhat.java-1.40.0-win32-x64\jre\21.0.6-win32-x86_64\bin\msvcp140.dll
0x00007ffb21020000 - 0x00007ffb21db0000 	c:\Users\asura\.vscode\extensions\redhat.java-1.40.0-win32-x64\jre\21.0.6-win32-x86_64\bin\server\jvm.dll
0x00007ffc04420000 - 0x00007ffc044d1000 	C:\WINDOWS\System32\ADVAPI32.dll
0x00007ffc036c0000 - 0x00007ffc03767000 	C:\WINDOWS\System32\sechost.dll
0x00007ffc02910000 - 0x00007ffc02938000 	C:\WINDOWS\System32\bcrypt.dll
0x00007ffc053d0000 - 0x00007ffc054e4000 	C:\WINDOWS\System32\RPCRT4.dll
0x00007ffc03520000 - 0x00007ffc03591000 	C:\WINDOWS\System32\WS2_32.dll
0x00007ffc01e60000 - 0x00007ffc01ead000 	C:\WINDOWS\SYSTEM32\POWRPROF.dll
0x00007ffbfd390000 - 0x00007ffbfd39a000 	C:\WINDOWS\SYSTEM32\VERSION.dll
0x00007ffbfb7b0000 - 0x00007ffbfb7e4000 	C:\WINDOWS\SYSTEM32\WINMM.dll
0x00007ffc01e40000 - 0x00007ffc01e53000 	C:\WINDOWS\SYSTEM32\UMPDC.dll
0x00007ffc016e0000 - 0x00007ffc016f8000 	C:\WINDOWS\SYSTEM32\kernel.appcore.dll
0x00007ffbe91c0000 - 0x00007ffbe91ca000 	c:\Users\asura\.vscode\extensions\redhat.java-1.40.0-win32-x64\jre\21.0.6-win32-x86_64\bin\jimage.dll
0x00007ffc000e0000 - 0x00007ffc00312000 	C:\WINDOWS\SYSTEM32\DBGHELP.DLL
0x00007ffc037f0000 - 0x00007ffc03b80000 	C:\WINDOWS\System32\combase.dll
0x00007ffc04b20000 - 0x00007ffc04bf7000 	C:\WINDOWS\System32\OLEAUT32.dll
0x00007ffbf5810000 - 0x00007ffbf5842000 	C:\WINDOWS\SYSTEM32\dbgcore.DLL
0x00007ffc02e80000 - 0x00007ffc02efb000 	C:\WINDOWS\System32\bcryptPrimitives.dll
0x00007ffbda1a0000 - 0x00007ffbda1af000 	c:\Users\asura\.vscode\extensions\redhat.java-1.40.0-win32-x64\jre\21.0.6-win32-x86_64\bin\instrument.dll
0x00007ffbc5f70000 - 0x00007ffbc5f8f000 	c:\Users\asura\.vscode\extensions\redhat.java-1.40.0-win32-x64\jre\21.0.6-win32-x86_64\bin\java.dll
0x00007ffc03b80000 - 0x00007ffc04408000 	C:\WINDOWS\System32\SHELL32.dll
0x00007ffc03120000 - 0x00007ffc0325f000 	C:\WINDOWS\System32\wintypes.dll
0x00007ffc005e0000 - 0x00007ffc00eed000 	C:\WINDOWS\SYSTEM32\windows.storage.dll
0x00007ffc04c70000 - 0x00007ffc04d7a000 	C:\WINDOWS\System32\SHCORE.dll
0x00007ffc054f0000 - 0x00007ffc0554e000 	C:\WINDOWS\System32\shlwapi.dll
0x00007ffc02600000 - 0x00007ffc0262b000 	C:\WINDOWS\SYSTEM32\profapi.dll
0x00007ffbc5dc0000 - 0x00007ffbc5dd8000 	c:\Users\asura\.vscode\extensions\redhat.java-1.40.0-win32-x64\jre\21.0.6-win32-x86_64\bin\zip.dll
0x00007ffbda120000 - 0x00007ffbda130000 	C:\Users\asura\.vscode\extensions\redhat.java-1.40.0-win32-x64\jre\21.0.6-win32-x86_64\bin\net.dll
0x00007ffbfc2a0000 - 0x00007ffbfc3cc000 	C:\WINDOWS\SYSTEM32\WINHTTP.dll
0x00007ffc01b40000 - 0x00007ffc01baa000 	C:\WINDOWS\system32\mswsock.dll
0x00007ffbc5cf0000 - 0x00007ffbc5d06000 	C:\Users\asura\.vscode\extensions\redhat.java-1.40.0-win32-x64\jre\21.0.6-win32-x86_64\bin\nio.dll
0x00007ffbca400000 - 0x00007ffbca410000 	c:\Users\asura\.vscode\extensions\redhat.java-1.40.0-win32-x64\jre\21.0.6-win32-x86_64\bin\verify.dll
0x00007ffb95b90000 - 0x00007ffb95bd5000 	C:\Users\asura\AppData\Roaming\Code\User\globalStorage\redhat.java\1.40.0\config_win\org.eclipse.equinox.launcher\org.eclipse.equinox.launcher.win32.win32.x86_64_1.2.1200.v20250212-0927\eclipse_11909.dll
0x00007ffc032c0000 - 0x00007ffc03461000 	C:\WINDOWS\System32\ole32.dll
0x00007ffc01f80000 - 0x00007ffc01f9b000 	C:\WINDOWS\SYSTEM32\CRYPTSP.dll
0x00007ffc01640000 - 0x00007ffc01677000 	C:\WINDOWS\system32\rsaenh.dll
0x00007ffc01be0000 - 0x00007ffc01c08000 	C:\WINDOWS\SYSTEM32\USERENV.dll
0x00007ffc01f60000 - 0x00007ffc01f6c000 	C:\WINDOWS\SYSTEM32\CRYPTBASE.dll
0x00007ffc01150000 - 0x00007ffc0117d000 	C:\WINDOWS\SYSTEM32\IPHLPAPI.DLL
0x00007ffc049f0000 - 0x00007ffc049f9000 	C:\WINDOWS\System32\NSI.dll
0x00007ffb727a0000 - 0x00007ffb727e9000 	C:\Users\asura\AppData\Local\Temp\jna-93123570\jna6107118964400050563.dll
0x00007ffc04b10000 - 0x00007ffc04b18000 	C:\WINDOWS\System32\PSAPI.DLL
0x00007ffbfcfe0000 - 0x00007ffbfcff9000 	C:\WINDOWS\SYSTEM32\dhcpcsvc6.DLL
0x00007ffbfad80000 - 0x00007ffbfad9f000 	C:\WINDOWS\SYSTEM32\dhcpcsvc.DLL

dbghelp: loaded successfully - version: 4.0.5 - missing functions: none
symbol engine: initialized successfully - sym options: 0x614 - pdb path: .;c:\Users\asura\.vscode\extensions\redhat.java-1.40.0-win32-x64\jre\21.0.6-win32-x86_64\bin;C:\WINDOWS\SYSTEM32;C:\WINDOWS\WinSxS\amd64_microsoft.windows.common-controls_6595b64144ccf1df_6.0.22621.4830_none_270fe7d773858e80;c:\Users\asura\.vscode\extensions\redhat.java-1.40.0-win32-x64\jre\21.0.6-win32-x86_64\bin\server;C:\Users\asura\AppData\Roaming\Code\User\globalStorage\redhat.java\1.40.0\config_win\org.eclipse.equinox.launcher\org.eclipse.equinox.launcher.win32.win32.x86_64_1.2.1200.v20250212-0927;C:\Users\asura\AppData\Local\Temp\jna-93123570

VM Arguments:
jvm_args: --add-modules=ALL-SYSTEM --add-opens=java.base/java.util=ALL-UNNAMED --add-opens=java.base/java.lang=ALL-UNNAMED --add-opens=java.base/sun.nio.fs=ALL-UNNAMED -Declipse.application=org.eclipse.jdt.ls.core.id1 -Dosgi.bundles.defaultStartLevel=4 -Declipse.product=org.eclipse.jdt.ls.core.product -Djava.import.generatesMetadataFilesAtProjectRoot=false -DDetectVMInstallationsJob.disabled=true -Dfile.encoding=utf8 -XX:+UseParallelGC -XX:GCTimeRatio=4 -XX:AdaptiveSizePolicyWeight=90 -Dsun.zip.disableMemoryMapping=true -Xmx1G -Xms100m -Xlog:disable -javaagent:c:\Users\asura\.vscode\extensions\redhat.java-1.40.0-win32-x64\lombok\lombok-1.18.36.jar -XX:+HeapDumpOnOutOfMemoryError -XX:HeapDumpPath=c:\Users\asura\AppData\Roaming\Code\User\workspaceStorage\8aa218b649d7e7f55904afd6d3bfc85a\redhat.java -Daether.dependencyCollector.impl=bf 
java_command: c:\Users\asura\.vscode\extensions\redhat.java-1.40.0-win32-x64\server\plugins\org.eclipse.equinox.launcher_1.6.1000.v20250131-0606.jar -configuration c:\Users\asura\AppData\Roaming\Code\User\globalStorage\redhat.java\1.40.0\config_win -data c:\Users\asura\AppData\Roaming\Code\User\workspaceStorage\8aa218b649d7e7f55904afd6d3bfc85a\redhat.java\jdt_ws --pipe=\\.\pipe\lsp-dc6a1642d477f8882a39c76af2e4aa5a-sock
java_class_path (initial): c:\Users\asura\.vscode\extensions\redhat.java-1.40.0-win32-x64\server\plugins\org.eclipse.equinox.launcher_1.6.1000.v20250131-0606.jar
Launcher Type: SUN_STANDARD

[Global flags]
    uintx AdaptiveSizePolicyWeight                 = 90                                        {product} {command line}
     intx CICompilerCount                          = 12                                        {product} {ergonomic}
    uintx GCTimeRatio                              = 4                                         {product} {command line}
     bool HeapDumpOnOutOfMemoryError               = true                                   {manageable} {command line}
    ccstr HeapDumpPath                             = c:\Users\asura\AppData\Roaming\Code\User\workspaceStorage\8aa218b649d7e7f55904afd6d3bfc85a\redhat.java         {manageable} {command line}
   size_t InitialHeapSize                          = 104857600                                 {product} {command line}
   size_t MaxHeapSize                              = 1073741824                                {product} {command line}
   size_t MaxNewSize                               = 357564416                                 {product} {ergonomic}
   size_t MinHeapDeltaBytes                        = 524288                                    {product} {ergonomic}
   size_t MinHeapSize                              = 104857600                                 {product} {command line}
   size_t NewSize                                  = 34603008                                  {product} {ergonomic}
    uintx NonNMethodCodeHeapSize                   = 7602480                                {pd product} {ergonomic}
    uintx NonProfiledCodeHeapSize                  = 122027880                              {pd product} {ergonomic}
   size_t OldSize                                  = 70254592                                  {product} {ergonomic}
    uintx ProfiledCodeHeapSize                     = 122027880                              {pd product} {ergonomic}
    uintx ReservedCodeCacheSize                    = 251658240                              {pd product} {ergonomic}
     bool SegmentedCodeCache                       = true                                      {product} {ergonomic}
   size_t SoftMaxHeapSize                          = 1073741824                             {manageable} {ergonomic}
     bool UseCompressedOops                        = true                           {product lp64_product} {ergonomic}
     bool UseLargePagesIndividualAllocation        = false                                  {pd product} {ergonomic}
     bool UseParallelGC                            = true                                      {product} {command line}

Logging:
Log output configuration:
 #0: stdout all=off uptime,level,tags foldmultilines=false
 #1: stderr all=off uptime,level,tags foldmultilines=false

Environment Variables:
JAVA_HOME=C:\Program Files\Java\jdk-23
PATH=D:\VMware\bin\;C:\Program Files\Common Files\Oracle\Java\javapath;C:\Program Files\Eclipse Adoptium\jdk-17.0.12.7-hotspot\bin;C:\Python312\Scripts\;C:\Python312\;C:\Program Files (x86)\Common Files\Oracle\Java\javapath;C:\MinGW\bin;C:\Windows;C:\Windows\System32\Wbem;C:\Windows\System32\WindowsPowerShell\v1.0\;C:\Windows\System32\OpenSSH\;C:\Program Files (x86)\NVIDIA Corporation\PhysX\Common;C:\Program Files\NVIDIA Corporation\NVIDIA NvDLISR;C:\WINDOWS\system32;C:\WINDOWS;C:\WINDOWS\System32\Wbem;C:\WINDOWS\System32\WindowsPowerShell\v1.0\;C:\WINDOWS\System32\OpenSSH\;D:\Apps\doxygen\bin;D:\Apps\bin;C:\Program Files (x86)\Microsoft SQL Server\160\Tools\Binn\;C:\Program Files\Microsoft SQL Server\160\Tools\Binn\;C:\Program Files\Microsoft SQL Server\Client SDK\ODBC\170\Tools\Binn\;C:\Program Files\Microsoft SQL Server\160\DTS\Binn\;C:\Program Files\nodejs\;C:\ProgramData\chocolatey\bin;D:\Apps\Git\cmd;D:\Apps\apache-maven-3.9.9\bin;C:\Program Files\PostgreSQL\17\bin;D:\Apps\Miniconda\condabin;C:\Program Files\Graphviz\bin;C:\Program Files\Go\bin;C:\Program Files\Go\bin;D:\Apps\Minikube;D:\Apps\protoc-29.1-win64\bin;C:\Program Files\dotnet\;C:\MinGW\bin;C:\Program Files\Docker\Docker\resources\bin;C:\Users\asura\AppData\Local\Programs\Python\Python311\Scripts\;C:\Users\asura\AppData\Local\Programs\Python\Python311\;C:\Users\asura\AppData\Local\Microsoft\WindowsApps;C:\Users\asura\AppData\Local\GitHubDesktop\bin;D:\Apps\Microsoft VS Code\bin;D:\Apps\doxygen\bin;C:\Program Files\Azure Data Studio\bin;C:\Users\asura\AppData\Roaming\npm;C:\msys64\ucrt64\bin;C:\Users\asura\go\bin;D:\Apps\IntelliJ IDEA 2024.3.1.1\bin;;C:\Users\asura\.dotnet\tools;D:\Apps\IntelliJ IDEA Community Edition 2024.3.1.1\bin;;;D:\Apps\GoLand 2024.3.2.1\bin;
USERNAME=asura
OS=Windows_NT
PROCESSOR_IDENTIFIER=Intel64 Family 6 Model 141 Stepping 1, GenuineIntel
TMP=C:\Users\asura\AppData\Local\Temp
TEMP=C:\Users\asura\AppData\Local\Temp




Periodic native trim disabled

---------------  S Y S T E M  ---------------

OS:
 Windows 11 , 64 bit Build 22621 (10.0.22621.4974)
OS uptime: 0 days 10:46 hours
Hyper-V role detected

CPU: total 16 (initial active 16) (8 cores per cpu, 2 threads per core) family 6 model 141 stepping 1 microcode 0x26, cx8, cmov, fxsr, ht, mmx, 3dnowpref, sse, sse2, sse3, ssse3, sse4.1, sse4.2, popcnt, lzcnt, tsc, tscinvbit, avx, avx2, aes, erms, clmul, bmi1, bmi2, adx, avx512f, avx512dq, avx512cd, avx512bw, avx512vl, sha, fma, vzeroupper, avx512_vpopcntdq, avx512_vpclmulqdq, avx512_vaes, avx512_vnni, clflush, clflushopt, clwb, avx512_vbmi2, avx512_vbmi, hv, rdtscp, rdpid, fsrm, gfni, avx512_bitalg, f16c, cet_ibt, cet_ss, avx512_ifma
Processor Information for the first 16 processors :
  Max Mhz: 2304, Current Mhz: 2304, Mhz Limit: 2304

Memory: 4k page, system-wide physical 40661M (9156M free)
TotalPageFile size 42709M (AvailPageFile size 5M)
current process WorkingSet (physical memory assigned to process): 938M, peak: 1204M
current process commit charge ("private bytes"): 841M, peak: 1121M

vm_info: OpenJDK 64-Bit Server VM (21.0.6+7-LTS) for windows-amd64 JRE (21.0.6+7-LTS), built on 2025-01-21T00:00:00Z by "admin" with MS VC++ 17.7 (VS2022)

END.
